Arguments: 
  /home/rob/.nvm/versions/node/v16.15.0/bin/node /home/rob/.node/corepack/yarn/1.22.15/bin/yarn.js add @uswds/build --dev

PATH: 
  /home/rob/.nvm/versions/node/v16.15.0/bin:/home/rob/.rvm/gems/ruby-3.1.2/bin:/home/rob/.rvm/gems/ruby-3.1.2@global/bin:/home/rob/.rvm/rubies/ruby-3.1.2/bin:/home/rob/.rvm/bin:/usr/local/sbin:/usr/local/bin:/usr/sbin:/usr/bin:/sbin:/bin:/usr/games:/usr/local/games:/snap/bin:/snap/bin

Yarn version: 
  1.22.15

Node version: 
  16.15.0

Platform: 
  linux x64

Trace: 
  Error: https://registry.yarnpkg.com/@uswds%2fbuild: Not found
      at Request.params.callback [as _callback] (/home/rob/.node/corepack/yarn/1.22.15/lib/cli.js:66140:18)
      at Request.self.callback (/home/rob/.node/corepack/yarn/1.22.15/lib/cli.js:140885:22)
      at Request.emit (node:events:527:28)
      at Request.<anonymous> (/home/rob/.node/corepack/yarn/1.22.15/lib/cli.js:141857:10)
      at Request.emit (node:events:527:28)
      at IncomingMessage.<anonymous> (/home/rob/.node/corepack/yarn/1.22.15/lib/cli.js:141779:12)
      at Object.onceWrapper (node:events:641:28)
      at IncomingMessage.emit (node:events:539:35)
      at endReadableNT (node:internal/streams/readable:1345:12)
      at processTicksAndRejections (node:internal/process/task_queues:83:21)

npm manifest: 
  {
    "name": "app",
    "private": "true",
    "dependencies": {
      "@uswds/uswds": "^3.0.0"
    }
  }

yarn manifest: 
  No manifest

Lockfile: 
  # THIS IS AN AUTOGENERATED FILE. DO NOT EDIT THIS FILE DIRECTLY.
  # yarn lockfile v1
  
  
  "@uswds/uswds@^3.0.0":
    version "3.0.0"
    resolved "https://registry.yarnpkg.com/@uswds/uswds/-/uswds-3.0.0.tgz#a96a9371ece305fc42e6704c0019e8190c1fb017"
    integrity sha512-fe+jdvU+XnxHBwML0gtx6ODktk/tSDaDIOYyWZ1+GeU3dwuhVfc5EWFGDLqo0o1n9mHprU4vjAaZMHv8pQEYLg==
    dependencies:
      classlist-polyfill "1.0.3"
      domready "1.0.8"
      object-assign "4.1.1"
      receptor "1.0.0"
      resolve-id-refs "0.1.0"
  
  classlist-polyfill@1.0.3:
    version "1.0.3"
    resolved "https://registry.yarnpkg.com/classlist-polyfill/-/classlist-polyfill-1.0.3.tgz#7cd5a9207c8d6932f592fdeaa6b45352ed71690d"
    integrity sha1-fNWpIHyNaTL1kv3qprRTUu1xaQ0=
  
  domready@1.0.8:
    version "1.0.8"
    resolved "https://registry.yarnpkg.com/domready/-/domready-1.0.8.tgz#91f252e597b65af77e745ae24dd0185d5e26d58c"
    integrity sha1-kfJS5Ze2Wvd+dFriTdAYXV4m1Yw=
  
  element-closest@^2.0.1:
    version "2.0.2"
    resolved "https://registry.yarnpkg.com/element-closest/-/element-closest-2.0.2.tgz#72a740a107453382e28df9ce5dbb5a8df0f966ec"
    integrity sha1-cqdAoQdFM4LijfnOXbtajfD5Zuw=
  
  keyboardevent-key-polyfill@^1.0.2:
    version "1.1.0"
    resolved "https://registry.yarnpkg.com/keyboardevent-key-polyfill/-/keyboardevent-key-polyfill-1.1.0.tgz#8a319d8e45a13172fca56286372f90c1d4c7014c"
    integrity sha1-ijGdjkWhMXL8pWKGNy+QwdTHAUw=
  
  matches-selector@^1.0.0:
    version "1.2.0"
    resolved "https://registry.yarnpkg.com/matches-selector/-/matches-selector-1.2.0.tgz#d1814e7e8f43e69d22ac33c9af727dc884ecf12a"
    integrity sha512-c4vLwYWyl+Ji+U43eU/G5FwxWd4ZH0ePUsFs5y0uwD9HUEFBXUQ1zUUan+78IpRD+y4pUfG0nAzNM292K7ItvA==
  
  object-assign@4.1.1, object-assign@^4.1.0:
    version "4.1.1"
    resolved "https://registry.yarnpkg.com/object-assign/-/object-assign-4.1.1.tgz#2109adc7965887cfc05cbbd442cac8bfbb360863"
    integrity sha1-IQmtx5ZYh8/AXLvUQsrIv7s2CGM=
  
  receptor@1.0.0:
    version "1.0.0"
    resolved "https://registry.yarnpkg.com/receptor/-/receptor-1.0.0.tgz#bf54477e0387e44bebf3855120bbda5adea08f8b"
    integrity sha1-v1RHfgOH5Evr84VRILvaWt6gj4s=
    dependencies:
      element-closest "^2.0.1"
      keyboardevent-key-polyfill "^1.0.2"
      matches-selector "^1.0.0"
      object-assign "^4.1.0"
  
  resolve-id-refs@0.1.0:
    version "0.1.0"
    resolved "https://registry.yarnpkg.com/resolve-id-refs/-/resolve-id-refs-0.1.0.tgz#3126624b887489da8fc0ae889632f8413ac6c3ec"
    integrity sha1-MSZiS4h0idqPwK6IljL4QTrGw+w=
